<?xml version="1.0" encoding="UTF-8"?>
<testsuite xmlns:xsi="http://www.w3.org/2001/XMLSchema-instance" xsi:noNamespaceSchemaLocation="https://maven.apache.org/surefire/maven-surefire-plugin/xsd/surefire-test-report-3.0.xsd" version="3.0" name="com.devblo.EventManagerTest" time="0.073" tests="6" errors="0" skipped="0" failures="0">
  <properties>
[...]
</properties>
  <testcase name="testUserAndEventCreation" classname="com.devblo.EventManagerTest" time="0.026"/>
  <testcase name="testObserversDoNotDuplicateAfterUpdate" classname="com.devblo.EventManagerTest" time="0.009">
    <system-out><![CDATA[User 'bob' was notified: Event 'Tech Talk' has been updated.
✅ Event updated.
]]></system-out>
  </testcase>
  <testcase name="testEventUpdateAndUndo" classname="com.devblo.EventManagerTest" time="0.003">
    <system-out><![CDATA[Actual class of event in map: original com.devblo.decorators.CategoryDecorator
TagDecorator.getTags()
[ONLINE, FREE_ENTRY]
[SEMINAR]
✅ Event updated.
Actual class of event in map: com.devblo.decorators.CategoryDecorator
TagDecorator.getTags()
Tags: [FAMILY_FRIENDLY]
TagDecorator.getTags()
[FAMILY_FRIENDLY]
[WORKSHOP]
TagDecorator.getTags()
↩️ Undo: Reverted event to original version.
TagDecorator.getTags()
Reverted Tags: [ONLINE, FREE_ENTRY]
Reverted Class: CategoryDecorator
TagDecorator.getTags()
]]></system-out>
  </testcase>
  <testcase name="testDecoratorTagLimitAndDuplication" classname="com.devblo.EventManagerTest" time="0.001">
    <system-out><![CDATA[TagDecorator.getTags()
]]></system-out>
  </testcase>
  <testcase name="testRegistrationAndUnregistration" classname="com.devblo.EventManagerTest" time="0.001"/>
  <testcase name="testObserverNotification" classname="com.devblo.EventManagerTest" time="0.002"/>
</testsuite>